[debug] [2023-09-24T22:16:06.570Z] ----------------------------------------------------------------------
[debug] [2023-09-24T22:16:06.572Z] Command:       C:\Program Files\nodejs\node.exe C:\Users\Thabiso\AppData\Roaming\npm\node_modules\firebase-tools\lib\bin\firebase.js init
[debug] [2023-09-24T22:16:06.573Z] CLI Version:   12.5.4
[debug] [2023-09-24T22:16:06.573Z] Platform:      win32
[debug] [2023-09-24T22:16:06.573Z] Node Version:  v18.14.2
[debug] [2023-09-24T22:16:06.574Z] Time:          Mon Sep 25 2023 00:16:06 GMT+0200 (South Africa Standard Time)
[debug] [2023-09-24T22:16:06.574Z] ----------------------------------------------------------------------
[debug] 
[debug] [2023-09-24T22:16:06.592Z] > command requires scopes: ["email","openid","https://www.googleapis.com/auth/cloudplatformprojects.readonly","https://www.googleapis.com/auth/firebase","https://www.googleapis.com/auth/cloud-platform"]
[debug] [2023-09-24T22:16:06.592Z] > authorizing via signed-in user (realdibaba@gmail.com)
[info] 
     ######## #### ########  ######## ########     ###     ######  ########
     ##        ##  ##     ## ##       ##     ##  ##   ##  ##       ##
     ######    ##  ########  ######   ########  #########  ######  ######
     ##        ##  ##    ##  ##       ##     ## ##     ##       ## ##
     ##       #### ##     ## ######## ########  ##     ##  ######  ########

You're about to initialize a Firebase project in this directory:

  C:\Users\Thabiso\Desktop\money-flow

[info] 
=== Project Setup
[info] 
[info] First, let's associate this project directory with a Firebase project.
[info] You can create multiple project aliases by running firebase use --add, 
[info] but for now we'll just set up a default project.
[info] 
[debug] [2023-09-24T22:18:38.772Z] > refreshing access token with scopes: []
[debug] [2023-09-24T22:18:38.777Z] >>> [apiv2][query] POST https://www.googleapis.com/oauth2/v3/token [none]
[debug] [2023-09-24T22:18:38.777Z] >>> [apiv2][body] POST https://www.googleapis.com/oauth2/v3/token [omitted]
[debug] [2023-09-24T22:18:40.889Z] <<< [apiv2][status] POST https://www.googleapis.com/oauth2/v3/token 200
[debug] [2023-09-24T22:18:40.890Z] <<< [apiv2][body] POST https://www.googleapis.com/oauth2/v3/token [omitted]
[debug] [2023-09-24T22:18:41.051Z] >>> [apiv2][query] GET https://firebase.googleapis.com/v1beta1/projects pageSize=100
[debug] [2023-09-24T22:18:41.899Z] <<< [apiv2][status] GET https://firebase.googleapis.com/v1beta1/projects 200
[debug] [2023-09-24T22:18:41.899Z] <<< [apiv2][body] GET https://firebase.googleapis.com/v1beta1/projects [omitted]
[info] i  Using project money-flow-59e01 (money-flow) 
[info] 
=== Hosting Setup
[info] 
[info] Your public directory is the folder (relative to your project directory) that
[info] will contain Hosting assets to be uploaded with firebase deploy. If you
[info] have a build process for your assets, use your build's output directory.
[info] 
[info] +  Wrote public/404.html 
[debug] [2023-09-24T22:21:05.082Z] >>> [apiv2][query] GET https://www.gstatic.com/firebasejs/releases.json [none]
[debug] [2023-09-24T22:21:05.498Z] <<< [apiv2][status] GET https://www.gstatic.com/firebasejs/releases.json 200
[debug] [2023-09-24T22:21:05.499Z] <<< [apiv2][body] GET https://www.gstatic.com/firebasejs/releases.json {"current":{"version":"10.4.0","browserURL":"https://www.gstatic.com/firebasejs/10.4.0/firebase.js","packageURL":"https://www.gstatic.com/firebasejs/10.4.0/firebase.tgz"},"live":{"version":"10.4","browserURL":"https://www.gstatic.com/firebasejs/live/10.4/firebase.js","packageURL":"https://www.gstatic.com/firebasejs/live/10.4/firebase.tgz"},"components":{"analytics":"https://www.gstatic.com/firebasejs/10.4.0/firebase-analytics.js","app":"https://www.gstatic.com/firebasejs/10.4.0/firebase-app.js","app-check":"https://www.gstatic.com/firebasejs/10.4.0/firebase-app-check.js","auth":"https://www.gstatic.com/firebasejs/10.4.0/firebase-auth.js","auth/cordova":"https://www.gstatic.com/firebasejs/10.4.0/firebase-auth/cordova.js","functions":"https://www.gstatic.com/firebasejs/10.4.0/firebase-functions.js","firestore":"https://www.gstatic.com/firebasejs/10.4.0/firebase-firestore.js","firestore/lite":"https://www.gstatic.com/firebasejs/10.4.0/firebase-firestore/lite.js","installations":"https://www.gstatic.com/firebasejs/10.4.0/firebase-installations.js","storage":"https://www.gstatic.com/firebasejs/10.4.0/firebase-storage.js","performance":"https://www.gstatic.com/firebasejs/10.4.0/firebase-performance.js","remote-config":"https://www.gstatic.com/firebasejs/10.4.0/firebase-remote-config.js","messaging":"https://www.gstatic.com/firebasejs/10.4.0/firebase-messaging.js","messaging/sw":"https://www.gstatic.com/firebasejs/10.4.0/firebase-messaging/sw.js","database":"https://www.gstatic.com/firebasejs/10.4.0/firebase-database.js","firestore.memory":"https://www.gstatic.com/firebasejs/10.4.0/firebase-firestore.memory.js"}}
[info] i  Skipping write of public/index.html 
[info] 
[info] i  Detected a .git folder at C:\Users\Thabiso\Desktop\money-flow 
[info] i  Authorizing with GitHub to upload your service account to a GitHub repository's secrets store. 
[info] 
[info] Visit this URL on this device to log in:
[info] https://github.com/login/oauth/authorize?client_id=89cf50f02ac6aaed3484&state=44590012&redirect_uri=http%3A%2F%2Flocalhost%3A9005&scope=read%3Auser%20repo%20public_repo
[info] 
[info] Waiting for authentication...
[debug] [2023-09-24T22:26:30.970Z] >>> [apiv2][query] POST https://github.com/login/oauth/access_token [none]
[debug] [2023-09-24T22:26:30.970Z] >>> [apiv2][body] POST https://github.com/login/oauth/access_token [stream]
[debug] [2023-09-24T22:26:32.184Z] <<< [apiv2][status] POST https://github.com/login/oauth/access_token 200
[debug] [2023-09-24T22:26:32.185Z] <<< [apiv2][body] POST https://github.com/login/oauth/access_token {"access_token":"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","token_type":"bearer","scope":"read:user,repo"}
[debug] [2023-09-24T22:26:34.170Z] >>> [apiv2][query] GET https://api.github.com/user [none]
[debug] [2023-09-24T22:26:34.939Z] <<< [apiv2][status] GET https://api.github.com/user 200
[debug] [2023-09-24T22:26:34.944Z] <<< [apiv2][body] GET https://api.github.com/user {"login":"TDibabacodes","id":126144468,"node_id":"U_kgDOB4TP1A","avatar_url":"https://avatars.githubusercontent.com/u/126144468?v=4","gravatar_id":"","url":"https://api.github.com/users/TDibabacodes","html_url":"https://github.com/TDibabacodes","followers_url":"https://api.github.com/users/TDibabacodes/followers","following_url":"https://api.github.com/users/TDibabacodes/following{/other_user}","gists_url":"https://api.github.com/users/TDibabacodes/gists{/gist_id}","starred_url":"https://api.github.com/users/TDibabacodes/starred{/owner}{/repo}","subscriptions_url":"https://api.github.com/users/TDibabacodes/subscriptions","organizations_url":"https://api.github.com/users/TDibabacodes/orgs","repos_url":"https://api.github.com/users/TDibabacodes/repos","events_url":"https://api.github.com/users/TDibabacodes/events{/privacy}","received_events_url":"https://api.github.com/users/TDibabacodes/received_events","type":"User","site_admin":false,"name":null,"company":null,"blog":"https://lnkd.in/d4755GjC","location":"here, there.....and everywhere","email":null,"hireable":null,"bio":null,"twitter_username":null,"public_repos":19,"public_gists":0,"followers":2,"following":3,"created_at":"2023-02-23T06:58:21Z","updated_at":"2023-09-24T22:21:36Z","private_gists":1,"total_private_repos":0,"owned_private_repos":0,"disk_usage":61744,"collaborators":0,"two_factor_authentication":false,"plan":{"name":"free","space":976562499,"collaborators":0,"private_repos":10000}}
[info] 
[info] +  Success! Logged into GitHub as TDibabacodes 
[info] 
